1 -> 0.0
2 -> 0.0
3 -> 0.0
4 -> 0.0
5 -> 0.0
6 -> 0.0
7 -> 0.0
8 -> 0.0
9 -> 0.0
10 -> 0.0
11 -> 0.0
12 -> 0.0
13 -> 0.0
14 -> 0.0
15 -> 0.0
16 -> 0.0
17 -> 0.0
18 -> 0.0
19 -> 0.0
20 -> 0.0
21 -> 0.0
22 -> 0.0
23 -> 0.0
24 -> 0.0
25 -> 0.0
26 -> 0.0
27 -> 0.0
28 -> 0.0
29 -> 0.0
30 -> 0.0
31 -> 0.0
32 -> 0.0
33 -> 0.0
34 -> 0.0
35 -> 0.0
36 -> 0.0
37 -> 0.0
38 -> 0.0
39 -> 0.0
40 -> 0.0
41 -> 0.0
42 -> 0.0
43 -> 0.0
44 -> 0.0
45 -> 0.0
46 -> 0.0
47 -> 0.0
48 -> 0.0
49 -> 0.0
50 -> 0.0
51 -> 0.0
52 -> 0.0
53 -> 0.0
54 -> 0.0
55 -> 0.0
56 -> 0.0
57 -> 0.0
58 -> 0.0
59 -> 0.0
60 -> 0.0
61 -> 0.0
62 -> 0.0
63 -> 0.0
64 -> 0.0
65 -> 0.0
66 -> 0.0
67 -> 0.0
68 -> 0.0
69 -> 0.0
70 -> 0.0
71 -> 0.0
72 -> 0.0
73 -> 0.0
74 -> 0.0
75 -> 0.0
76 -> 0.0
77 -> 0.0
78 -> 0.0
79 -> 0.0
80 -> 0.0
81 -> 0.0
82 -> 0.0
83 -> 0.0
84 -> 0.0
85 -> 0.0
86 -> 0.0
87 -> 0.0
88 -> 0.0
89 -> 0.0
90 -> 0.0
91 -> 0.0
92 -> 0.0
93 -> 0.0
94 -> 0.0
95 -> 0.0
96 -> 0.0
97 -> 0.0
98 -> 0.0
99 -> 0.0
100 -> 0.0
1 -> 18.24
2 -> 18.08
3 -> 17.3
4 -> 17.08
5 -> 16.64
6 -> 17.06
7 -> 15.31
8 -> 14.8
9 -> 13.67
10 -> 13.75
11 -> 12.5
12 -> 11.65
13 -> 12.08
14 -> 12.81
15 -> 13.77
16 -> 13.57
17 -> 15.04
18 -> 13.13
19 -> 13.91
20 -> 15.49
21 -> 15.3
22 -> 14.79
23 -> 15.47
24 -> 15.32
25 -> 16.37
26 -> 16.82
27 -> 17.88
28 -> 17.3
29 -> 15.43
30 -> 14.82
31 -> 13.81
32 -> 13.92
33 -> 13.7
34 -> 13.4
35 -> 13.75
36 -> 14.15
37 -> 12.89
38 -> 13.68
39 -> 14.13
40 -> 13.69
41 -> 14.57
42 -> 13.97
43 -> 15.11
44 -> 13.86
45 -> 12.45
46 -> 12.89
47 -> 12.37
48 -> 12.44
49 -> 12.1
50 -> 13.5
51 -> 12.94
52 -> 14.97
53 -> 17.56
54 -> 17.16
55 -> 19.62
56 -> 20.28
57 -> 22.61
58 -> 20.21
59 -> 23.02
60 -> 23.29
61 -> 26.71
62 -> 29.64
63 -> 30.51
64 -> 28.35
65 -> 25.93
66 -> 28.6
67 -> 31.02
68 -> 28.74
69 -> 27.26
70 -> 28.49
71 -> 28.37
72 -> 26.73
73 -> 25.99
74 -> 26.64
75 -> 25.01
76 -> 24.78
77 -> 24.65
78 -> 24.02
79 -> 23.8
80 -> 23.63
81 -> 22.59
82 -> 21.35
83 -> 18.51
84 -> 18.38
85 -> 16.45
86 -> 14.92
87 -> 14.9
88 -> 14.99
89 -> 13.55
90 -> 11.77
91 -> 11.36
92 -> 11.29
93 -> 10.91
94 -> 10.41
95 -> 10.16
96 -> 9.48
97 -> 9.06
98 -> 8.95
99 -> 7.58
100 -> 7.22
100 -> 7.22
